2024-02-18T12:26:00.854+07:00  INFO 8584 --- [restartedMain] c.e.s.SpringbootAppApplication           : Starting SpringbootAppApplication using Java 17.0.5 with PID 8584 (C:\Users\KyThuat88\Desktop\SpringbootApp\target\classes started by KyThuat88 in C:\Users\KyThuat88\Desktop\SpringbootApp)
2024-02-18T12:26:00.915+07:00  INFO 8584 --- [restartedMain] c.e.s.SpringbootAppApplication           : No active profile set, falling back to 1 default profile: "default"
2024-02-18T12:26:01.144+07:00  INFO 8584 --- [restartedMain] .e.DevToolsPropertyDefaultsPostProcessor : Devtools property defaults active! Set 'spring.devtools.add-properties' to 'false' to disable
2024-02-18T12:26:01.144+07:00  INFO 8584 --- [restartedMain] .e.DevToolsPropertyDefaultsPostProcessor : For additional web related logging consider setting the 'logging.level.web' property to 'DEBUG'
2024-02-18T12:26:03.538+07:00  INFO 8584 --- [restartedMain] o.s.b.w.embedded.tomcat.TomcatWebServer  : Tomcat initialized with port 8080 (http)
2024-02-18T12:26:03.564+07:00  INFO 8584 --- [restartedMain] o.apache.catalina.core.StandardService   : Starting service [Tomcat]
2024-02-18T12:26:03.567+07:00  INFO 8584 --- [restartedMain] o.apache.catalina.core.StandardEngine    : Starting Servlet engine: [Apache Tomcat/10.1.18]
2024-02-18T12:26:03.699+07:00  INFO 8584 --- [restartedMain] o.a.c.c.C.[Tomcat].[localhost].[/]       : Initializing Spring embedded WebApplicationContext
2024-02-18T12:26:03.700+07:00  INFO 8584 --- [restartedMain] w.s.c.ServletWebServerApplicationContext : Root WebApplicationContext: initialization completed in 2554 ms
2024-02-18T12:26:04.510+07:00  INFO 8584 --- [restartedMain] o.s.b.d.a.OptionalLiveReloadServer       : LiveReload server is running on port 35729
2024-02-18T12:26:04.607+07:00  INFO 8584 --- [restartedMain] o.s.b.w.embedded.tomcat.TomcatWebServer  : Tomcat started on port 8080 (http) with context path ''
2024-02-18T12:26:04.627+07:00  INFO 8584 --- [restartedMain] c.e.s.SpringbootAppApplication           : Started SpringbootAppApplication in 5.185 seconds (process running for 8.528)
2024-02-18T12:27:50.035+07:00  INFO 8584 --- [http-nio-8080-exec-2] o.a.c.c.C.[Tomcat].[localhost].[/]       : Initializing Spring DispatcherServlet 'dispatcherServlet'
2024-02-18T12:27:50.036+07:00  INFO 8584 --- [http-nio-8080-exec-2] o.s.web.servlet.DispatcherServlet        : Initializing Servlet 'dispatcherServlet'
2024-02-18T12:27:50.038+07:00  INFO 8584 --- [http-nio-8080-exec-2] o.s.web.servlet.DispatcherServlet        : Completed initialization in 2 ms
2024-02-18T12:28:32.897+07:00  INFO 10200 --- [restartedMain] c.e.s.SpringbootAppApplication           : Starting SpringbootAppApplication using Java 17.0.5 with PID 10200 (C:\Users\KyThuat88\Desktop\SpringbootApp\target\classes started by KyThuat88 in C:\Users\KyThuat88\Desktop\SpringbootApp)
2024-02-18T12:28:32.903+07:00  INFO 10200 --- [restartedMain] c.e.s.SpringbootAppApplication           : No active profile set, falling back to 1 default profile: "default"
2024-02-18T12:28:33.052+07:00  INFO 10200 --- [restartedMain] .e.DevToolsPropertyDefaultsPostProcessor : Devtools property defaults active! Set 'spring.devtools.add-properties' to 'false' to disable
2024-02-18T12:28:33.053+07:00  INFO 10200 --- [restartedMain] .e.DevToolsPropertyDefaultsPostProcessor : For additional web related logging consider setting the 'logging.level.web' property to 'DEBUG'
2024-02-18T12:28:35.063+07:00  INFO 10200 --- [restartedMain] o.s.b.w.embedded.tomcat.TomcatWebServer  : Tomcat initialized with port 8080 (http)
2024-02-18T12:28:35.078+07:00  INFO 10200 --- [restartedMain] o.apache.catalina.core.StandardService   : Starting service [Tomcat]
2024-02-18T12:28:35.079+07:00  INFO 10200 --- [restartedMain] o.apache.catalina.core.StandardEngine    : Starting Servlet engine: [Apache Tomcat/10.1.18]
2024-02-18T12:28:35.172+07:00  INFO 10200 --- [restartedMain] o.a.c.c.C.[Tomcat].[localhost].[/]       : Initializing Spring embedded WebApplicationContext
2024-02-18T12:28:35.173+07:00  INFO 10200 --- [restartedMain] w.s.c.ServletWebServerApplicationContext : Root WebApplicationContext: initialization completed in 2116 ms
2024-02-18T12:28:35.793+07:00  INFO 10200 --- [restartedMain] o.s.b.d.a.OptionalLiveReloadServer       : LiveReload server is running on port 35729
2024-02-18T12:28:35.872+07:00  INFO 10200 --- [restartedMain] o.s.b.w.embedded.tomcat.TomcatWebServer  : Tomcat started on port 8080 (http) with context path ''
2024-02-18T12:28:35.887+07:00  INFO 10200 --- [restartedMain] c.e.s.SpringbootAppApplication           : Started SpringbootAppApplication in 3.922 seconds (process running for 5.999)
2024-02-18T12:28:41.149+07:00  INFO 10200 --- [http-nio-8080-exec-2] o.a.c.c.C.[Tomcat].[localhost].[/]       : Initializing Spring DispatcherServlet 'dispatcherServlet'
2024-02-18T12:28:41.151+07:00  INFO 10200 --- [http-nio-8080-exec-2] o.s.web.servlet.DispatcherServlet        : Initializing Servlet 'dispatcherServlet'
2024-02-18T12:28:41.158+07:00  INFO 10200 --- [http-nio-8080-exec-2] o.s.web.servlet.DispatcherServlet        : Completed initialization in 3 ms
2024-02-18T12:28:41.525+07:00  INFO 10200 --- [http-nio-8080-exec-2] com.example.springbootapp.Controller     : Start to get all data Student with id Minh
2024-02-18T12:28:41.526+07:00  INFO 10200 --- [http-nio-8080-exec-2] com.example.springbootapp.Controller     : Start to get all data Student with name Minte
2024-02-18T12:28:41.527+07:00  INFO 10200 --- [http-nio-8080-exec-2] com.example.springbootapp.Controller     : Retrieve data successful student Student{id='Minh', name='Minte'}
